Transformations successfully loaded from: /home/axh5735/projects/VR/Inference/Inference_H&E/logs/HandE_gray_colon_128_256/transformation/trans.obj
1
2
3
4
5
6
7
8
9
10
11
12
13
14
15
16
17
18
19
20
21
22
23
24
25
26
27
28
29
30
31
32
33
34
35
36
37
38
39
40
41
42
43
44
45
46
47
48
49
50
51
52
53
54
55
56
57
58
59
60
61
62
63
64
65
66
67
68
69
70
71
72
73
74
75
76
77
78
79
80
81
82
83
84
85
86
87
88
89
90
91
92
93
94
95
{'reg057_X01_Y01_Z09': 12, 'reg060_X01_Y01_Z11': 11, 'reg036_X01_Y01_Z09': 11, 'reg046_X01_Y01_Z09': 8, 'reg024_X01_Y01_Z09': 8, 'reg061_X01_Y01_Z10': 7, 'reg001_X01_Y01_Z11': 7, 'reg002_X01_Y01_Z10': 6, 'reg065_X01_Y01_Z10': 6, 'reg033_X01_Y01_Z09': 5, 'reg055_X01_Y01_Z08': 4, 'reg049_X01_Y01_Z09': 4, 'reg029_X01_Y01_Z08': 4, 'reg062_X01_Y01_Z10': 2}
"""""""""""""""""""""""""""""""""""""""""
